client_777 ▶ [92mlocalhost[0m: 
Sent:
    LOCK 1 120 777
Received:
    [92mOK[0m

client_777 ▶ [92mlocalhost[0m: 
Sent:
    LOCK 1 10 777
Received:
    [92mOK[0m

client_777 ▶ [92mlocalhost[0m: 
Sent:
    LOCK 2 10 777
Received:
    [92mOK[0m

client_777 ▶ [92mlocalhost[0m: 
Sent:
    LOCK 1 20 777
Received:
    [91mNOK[0m

client_777 ▶ [92mlocalhost[0m: 
Sent:
    LOCK 1 30 777
Received:
    [91mNOK[0m

client_777 ▶ [92mlocalhost[0m: 
Sent:
    LOCK 1 10 777
Received:
    [91mNOK[0m

client_777 ▶ [92mlocalhost[0m: 
Sent:
    LOCK 3 5000 777
Received:
    [91mNOK[0m

client_777 ▶ [92mlocalhost[0m: 
Sent:
    LOCK 5 2000 777
Received:
    [91mUNKNOWN RESOURCE[0m

client_777 ▶ [92mlocalhost[0m: 
Sent:
    UNLOCK 3 777
Received:
    [91mNOK[0m

client_777 ▶ [92mlocalhost[0m: 
Sent:
    STATUS R 2
Received:
    [91mLOCKED[0m

client_777 ▶ [92mlocalhost[0m: MISSING ARGUMENTS

client_777 ▶ [92mlocalhost[0m: 
Sent:
    STATUS K 1
Received:
    2

client_777 ▶ [92mlocalhost[0m: 
Sent:
    STATS Y
Received:
    2

client_777 ▶ [92mlocalhost[0m: 
Sent:
    STATS N
Received:
    2

client_777 ▶ [92mlocalhost[0m: 
Sent:
    STATS D
Received:
    0

client_777 ▶ [92mlocalhost[0m: 
Sent:
    PRINT
Received:
    Current Epoch: 1614549871
    R 0 [92mUNLOCKED[0m 0 
    R 1 [91mLOCKED[0m 2 777 1614549881
    R 2 [91mLOCKED[0m 1 777 1614549881
    R 3 [92mUNLOCKED[0m 0 

client_777 ▶ [92mlocalhost[0m: 