———————————————————————————————————————
[92mConnected to 127.0.0.1 on port 38396
[0m
Received: 
    LOCK 1 10 1
Sent: 
    [92mOK[0m

———————————————————————————————————————
[92mConnected to 127.0.0.1 on port 38398
[0m
Received: 
    PRINT
Sent: 
    Current Epoch: 1614461205
    R 0 [92mUNLOCKED[0m 0 
    R 1 [91mLOCKED[0m 1 1 1614461215
    R 2 [92mUNLOCKED[0m 0 
    R 3 [92mUNLOCKED[0m 0 

———————————————————————————————————————
[92mConnected to 127.0.0.1 on port 38400
[0m
Received: 
    LOCK 2 50 1
Sent: 
    [92mOK[0m

———————————————————————————————————————
[92mConnected to 127.0.0.1 on port 38402
[0m
Received: 
    UNLOCK 2000 1
Sent: 
    [91mUNKNOWN RESOURCE[0m

———————————————————————————————————————
[92mConnected to 127.0.0.1 on port 38422
[0m
Received: 
    LOCK 50 2 1
Sent: 
    [91mUNKNOWN RESOURCE[0m

———————————————————————————————————————
[92mConnected to 127.0.0.1 on port 38424
[0m
Received: 
    STATS Y
Sent: 
    2

———————————————————————————————————————
[92mConnected to 127.0.0.1 on port 38426
[0m
Received: 
    STATUS R 1
Sent: 
    LOCKED


Received SIGINT, stopping.

