———————————————————————————————————————
[92mConnected to 127.0.0.1 on port 53248
[0m
Received: 
    LOCK 1 120 777
Sent: 
    [92mOK[0m

———————————————————————————————————————
[92mConnected to 127.0.0.1 on port 53250
[0m
Received: 
    LOCK 1 10 777
Sent: 
    [92mOK[0m

———————————————————————————————————————
[92mConnected to 127.0.0.1 on port 53252
[0m
Received: 
    LOCK 2 10 777
Sent: 
    [92mOK[0m

———————————————————————————————————————
[92mConnected to 127.0.0.1 on port 53254
[0m
Received: 
    LOCK 1 20 777
Sent: 
    [91mNOK[0m

———————————————————————————————————————
[92mConnected to 127.0.0.1 on port 53256
[0m
Received: 
    LOCK 1 30 777
Sent: 
    [91mNOK[0m

———————————————————————————————————————
[92mConnected to 127.0.0.1 on port 53258
[0m
Received: 
    LOCK 1 10 777
Sent: 
    [91mNOK[0m

———————————————————————————————————————
[92mConnected to 127.0.0.1 on port 53260
[0m
Received: 
    LOCK 3 5000 777
Sent: 
    [91mNOK[0m

———————————————————————————————————————
[92mConnected to 127.0.0.1 on port 53262
[0m
Received: 
    LOCK 5 2000 777
Sent: 
    [91mUNKNOWN RESOURCE[0m

———————————————————————————————————————
[92mConnected to 127.0.0.1 on port 53264
[0m
Received: 
    UNLOCK 3 777
Sent: 
    [91mNOK[0m

———————————————————————————————————————
[92mConnected to 127.0.0.1 on port 53266
[0m
Received: 
    STATUS R 2
Sent: 
    LOCKED

———————————————————————————————————————
[92mConnected to 127.0.0.1 on port 53268
[0m
Received: 
    STATUS K 1
Sent: 
    2

———————————————————————————————————————
[92mConnected to 127.0.0.1 on port 53270
[0m
Received: 
    STATS Y
Sent: 
    2

———————————————————————————————————————
[92mConnected to 127.0.0.1 on port 53272
[0m
Received: 
    STATS N
Sent: 
    2

———————————————————————————————————————
[92mConnected to 127.0.0.1 on port 53274
[0m
Received: 
    STATS D
Sent: 
    0

———————————————————————————————————————
[92mConnected to 127.0.0.1 on port 53276
[0m
Received: 
    PRINT
Sent: 
    Current Epoch: 1614544944
    R 0 [92mUNLOCKED[0m 0 
    R 1 [91mLOCKED[0m 2 777 1614544954
    R 2 [91mLOCKED[0m 1 777 1614544954
    R 3 [92mUNLOCKED[0m 0 


Received SIGINT, stopping.

